<?xml version="1.0" encoding="UTF-8"?>
<!-- Generated by org.testng.reporters.JUnitXMLReporter -->
<testsuite ignored="0" hostname="DESKTOP-EDT3R9N" failures="1" tests="10" name="TrainBookingTest" time="217.231" errors="0" timestamp="2024-10-12T14:16:55 IST">
  <testcase classname="UIAutomation.MMT.tests.TrainBookingTest" name="trainReservationE2ETest" time="45.933"/>
  <testcase classname="UIAutomation.MMT.tests.TrainBookingTest" name="trainReservationE2ETest" time="4.647">
    <failure type="org.openqa.selenium.StaleElementReferenceException" message="stale element reference: stale element not found in the current frame
  (Session info: MicrosoftEdge=129.0.2792.79)
For documentation on this error, please visit: https://www.selenium.dev/documentation/webdriver/troubleshooting/errors#stale-element-reference-exception
Build info: version: &amp;apos;4.11.0&amp;apos;, revision: &amp;apos;040bc5406b&amp;apos;
System info: os.name: &amp;apos;Windows 10&amp;apos;, os.arch: &amp;apos;amd64&amp;apos;, os.version: &amp;apos;10.0&amp;apos;, java.version: &amp;apos;17.0.1&amp;apos;
Driver info: org.openqa.selenium.edge.EdgeDriver
Command: [356101100eb6c0e65998d3b3dbd01297, clickElement {id=f.E31A639FED526AFB22A29A6235F326C1.d.A38A6BE594E21F7FFE5C17D0DDB6385C.e.154}]
Capabilities {acceptInsecureCerts: false, browserName: MicrosoftEdge, browserVersion: 129.0.2792.79, fedcm:accounts: true, ms:edgeOptions: {debuggerAddress: localhost:54363}, msedge: {msedgedriverVersion: 129.0.2792.89 (65986ec8d2a8..., userDataDir: C:\Users\HP\AppData\Local\T...}, networkConnectionEnabled: false, pageLoadStrategy: normal, platformName: windows, proxy: Proxy(), se:cdp: ws://localhost:54363/devtoo..., se:cdpVersion: 129.0.2792.79, setWindowRect: true, strictFileInteractability: false, timeouts: {implicit: 0, pageLoad: 300000, script: 30000}, unhandledPromptBehavior: dismiss and notify, webauthn:extension:credBlob: true, webauthn:extension:largeBlob: true, webauthn:extension:minPinLength: true, webauthn:extension:prf: true, webauthn:virtualAuthenticators: true}
Element: [[EdgeDriver: MicrosoftEdge on windows (356101100eb6c0e65998d3b3dbd01297)] -&amp;gt; xpath: //span[contains(text(), &amp;apos;Mumbai&amp;apos;)]]
Session ID: 356101100eb6c0e65998d3b3dbd01297">
      <![CDATA[org.openqa.selenium.StaleElementReferenceException: stale element reference: stale element not found in the current frame
  (Session info: MicrosoftEdge=129.0.2792.79)
For documentation on this error, please visit: https://www.selenium.dev/documentation/webdriver/troubleshooting/errors#stale-element-reference-exception
Build info: version: '4.11.0', revision: '040bc5406b'
System info: os.name: 'Windows 10', os.arch: 'amd64', os.version: '10.0', java.version: '17.0.1'
Driver info: org.openqa.selenium.edge.EdgeDriver
Command: [356101100eb6c0e65998d3b3dbd01297, clickElement {id=f.E31A639FED526AFB22A29A6235F326C1.d.A38A6BE594E21F7FFE5C17D0DDB6385C.e.154}]
Capabilities {acceptInsecureCerts: false, browserName: MicrosoftEdge, browserVersion: 129.0.2792.79, fedcm:accounts: true, ms:edgeOptions: {debuggerAddress: localhost:54363}, msedge: {msedgedriverVersion: 129.0.2792.89 (65986ec8d2a8..., userDataDir: C:\Users\HP\AppData\Local\T...}, networkConnectionEnabled: false, pageLoadStrategy: normal, platformName: windows, proxy: Proxy(), se:cdp: ws://localhost:54363/devtoo..., se:cdpVersion: 129.0.2792.79, setWindowRect: true, strictFileInteractability: false, timeouts: {implicit: 0, pageLoad: 300000, script: 30000}, unhandledPromptBehavior: dismiss and notify, webauthn:extension:credBlob: true, webauthn:extension:largeBlob: true, webauthn:extension:minPinLength: true, webauthn:extension:prf: true, webauthn:virtualAuthenticators: true}
Element: [[EdgeDriver: MicrosoftEdge on windows (356101100eb6c0e65998d3b3dbd01297)] -> xpath: //span[contains(text(), 'Mumbai')]]
Session ID: 356101100eb6c0e65998d3b3dbd01297
at org.openqa.selenium.remote.codec.w3c.W3CHttpResponseCodec.createException(W3CHttpResponseCodec.java:200)
at org.openqa.selenium.remote.codec.w3c.W3CHttpResponseCodec.decode(W3CHttpResponseCodec.java:133)
at org.openqa.selenium.remote.codec.w3c.W3CHttpResponseCodec.decode(W3CHttpResponseCodec.java:52)
at org.openqa.selenium.remote.HttpCommandExecutor.execute(HttpCommandExecutor.java:191)
at org.openqa.selenium.remote.service.DriverCommandExecutor.invokeExecute(DriverCommandExecutor.java:196)
at org.openqa.selenium.remote.service.DriverCommandExecutor.execute(DriverCommandExecutor.java:171)
at org.openqa.selenium.remote.RemoteWebDriver.execute(RemoteWebDriver.java:518)
at org.openqa.selenium.remote.RemoteWebElement.execute(RemoteWebElement.java:224)
at org.openqa.selenium.remote.RemoteWebElement.click(RemoteWebElement.java:77)
at UIAotpmation.MMT.PageObject.TrainReservationPage.selectToCity(TrainReservationPage.java:93)
at UIAutomation.MMT.tests.TrainBookingTest.trainReservationE2ETest(TrainBookingTest.java:44)
at java.base/java.util.ArrayList.forEach(ArrayList.java:1511)
at java.base/java.util.concurrent.FutureTask.run(FutureTask.java:264)
at java.base/java.util.concurrent.ThreadPoolExecutor.runWorker(ThreadPoolExecutor.java:1136)
at java.base/java.util.concurrent.ThreadPoolExecutor$Worker.run(ThreadPoolExecutor.java:635)
at java.base/java.lang.Thread.run(Thread.java:833)
... Removed 23 stack frames]]>
    </failure>
  </testcase> <!-- trainReservationE2ETest -->
  <testcase classname="UIAutomation.MMT.tests.TrainBookingTest" name="validateAddTravellerErrorMessage" time="16.54"/>
  <testcase classname="UIAutomation.MMT.tests.TrainBookingTest" name="validateAddTravellerErrorMessage" time="14.878"/>
  <testcase classname="UIAutomation.MMT.tests.TrainBookingTest" name="validateEmailErrorMessage" time="17.026"/>
  <testcase classname="UIAutomation.MMT.tests.TrainBookingTest" name="validateEmailErrorMessage" time="16.839"/>
  <testcase classname="UIAutomation.MMT.tests.TrainBookingTest" name="validateErrorMessageforSameSourceAndDest" time="4.339"/>
  <testcase classname="UIAutomation.MMT.tests.TrainBookingTest" name="validateErrorMessageforSameSourceAndDest" time="4.711"/>
  <testcase classname="UIAutomation.MMT.tests.TrainBookingTest" name="validateUsernameErrorMessage" time="13.944"/>
  <testcase classname="UIAutomation.MMT.tests.TrainBookingTest" name="validateUsernameErrorMessage" time="7.653"/>
</testsuite> <!-- TrainBookingTest -->
